<?xml version="1.0" encoding="UTF-8"?>
<testsuite name="com.example.air_ticket_booking.controller.account.AccountController_signup" tests="1" skipped="0" failures="1" errors="0" timestamp="2023-08-11T09:24:12" hostname="ADMIN-PC" time="0.918">
  <properties/>
  <testcase name="signUp_dayOfBirth_18_15()" classname="com.example.air_ticket_booking.controller.account.AccountController_signup" time="0.918">
    <failure message="java.lang.AssertionError: Range for response status value 200 expected:&lt;CLIENT_ERROR&gt; but was:&lt;SUCCESSFUL&gt;" type="java.lang.AssertionError">java.lang.AssertionError: Range for response status value 200 expected:&lt;CLIENT_ERROR&gt; but was:&lt;SUCCESSFUL&gt;
	at org.springframework.test.util.AssertionErrors.fail(AssertionErrors.java:59)
	at org.springframework.test.util.AssertionErrors.assertEquals(AssertionErrors.java:122)
	at org.springframework.test.web.servlet.result.StatusResultMatchers.lambda$is4xxClientError$5(StatusResultMatchers.java:94)
	at org.springframework.test.web.servlet.MockMvc$1.andExpect(MockMvc.java:214)
	at com.example.air_ticket_booking.controller.account.AccountController_signup.signUp_dayOfBirth_18_15(AccountController_signup.java:885)
	at sun.reflect.NativeMethodAccessorImpl.invoke0(Native Method)
	at sun.reflect.NativeMethodAccessorImpl.invoke(NativeMethodAccessorImpl.java:62)
	at sun.reflect.DelegatingMethodAccessorImpl.invoke(DelegatingMethodAccessorImpl.java:43)
	at java.lang.reflect.Method.invoke(Method.java:498)
	at org.junit.platform.commons.util.ReflectionUtils.invokeMethod(ReflectionUtils.java:725)
	at org.junit.jupiter.engine.execution.MethodInvocation.proceed(MethodInvocation.java:60)
	at org.junit.jupiter.engine.execution.InvocationInterceptorChain$ValidatingInvocation.proceed(InvocationInterceptorChain.java:131)
	at org.junit.jupiter.engine.extension.TimeoutExtension.intercept(TimeoutExtension.java:149)
	at org.junit.jupiter.engine.extension.TimeoutExtension.interceptTestableMethod(TimeoutExtension.java:140)
	at org.junit.jupiter.engine.extension.TimeoutExtension.interceptTestMethod(TimeoutExtension.java:84)
	at org.junit.jupiter.engine.execution.ExecutableInvoker$ReflectiveInterceptorCall.lambda$ofVoidMethod$0(ExecutableInvoker.java:115)
	at org.junit.jupiter.engine.execution.ExecutableInvoker.lambda$invoke$0(ExecutableInvoker.java:105)
	at org.junit.jupiter.engine.execution.InvocationInterceptorChain$InterceptedInvocation.proceed(InvocationInterceptorChain.java:106)
	at org.junit.jupiter.engine.execution.InvocationInterceptorChain.proceed(InvocationInterceptorChain.java:64)
	at org.junit.jupiter.engine.execution.InvocationInterceptorChain.chainAndInvoke(InvocationInterceptorChain.java:45)
	at org.junit.jupiter.engine.execution.InvocationInterceptorChain.invoke(InvocationInterceptorChain.java:37)
	at org.junit.jupiter.engine.execution.ExecutableInvoker.invoke(ExecutableInvoker.java:104)
	at org.junit.jupiter.engine.execution.ExecutableInvoker.invoke(ExecutableInvoker.java:98)
	at org.junit.jupiter.engine.descriptor.TestMethodTestDescriptor.lambda$invokeTestMethod$7(TestMethodTestDescriptor.java:214)
	at org.junit.platform.engine.support.hierarchical.ThrowableCollector.execute(ThrowableCollector.java:73)
	at org.junit.jupiter.engine.descriptor.TestMethodTestDescriptor.invokeTestMethod(TestMethodTestDescriptor.java:210)
	at org.junit.jupiter.engine.descriptor.TestMethodTestDescriptor.execute(TestMethodTestDescriptor.java:135)
	at org.junit.jupiter.engine.descriptor.TestMethodTestDescriptor.execute(TestMethodTestDescriptor.java:66)
	at org.junit.platform.engine.support.hierarchical.NodeTestTask.lambda$executeRecursively$6(NodeTestTask.java:151)
	at org.junit.platform.engine.support.hierarchical.ThrowableCollector.execute(ThrowableCollector.java:73)
	at org.junit.platform.engine.support.hierarchical.NodeTestTask.lambda$executeRecursively$8(NodeTestTask.java:141)
	at org.junit.platform.engine.support.hierarchical.Node.around(Node.java:137)
	at org.junit.platform.engine.support.hierarchical.NodeTestTask.lambda$executeRecursively$9(NodeTestTask.java:139)
	at org.junit.platform.engine.support.hierarchical.ThrowableCollector.execute(ThrowableCollector.java:73)
	at org.junit.platform.engine.support.hierarchical.NodeTestTask.executeRecursively(NodeTestTask.java:138)
	at org.junit.platform.engine.support.hierarchical.NodeTestTask.execute(NodeTestTask.java:95)
	at java.util.ArrayList.forEach(ArrayList.java:1257)
	at org.junit.platform.engine.support.hierarchical.SameThreadHierarchicalTestExecutorService.invokeAll(SameThreadHierarchicalTestExecutorService.java:41)
	at org.junit.platform.engine.support.hierarchical.NodeTestTask.lambda$executeRecursively$6(NodeTestTask.java:155)
	at org.junit.platform.engine.support.hierarchical.ThrowableCollector.execute(ThrowableCollector.java:73)
	at org.junit.platform.engine.support.hierarchical.NodeTestTask.lambda$executeRecursively$8(NodeTestTask.java:141)
	at org.junit.platform.engine.support.hierarchical.Node.around(Node.java:137)
	at org.junit.platform.engine.support.hierarchical.NodeTestTask.lambda$executeRecursively$9(NodeTestTask.java:139)
	at org.junit.platform.engine.support.hierarchical.ThrowableCollector.execute(ThrowableCollector.java:73)
	at org.junit.platform.engine.support.hierarchical.NodeTestTask.executeRecursively(NodeTestTask.java:138)
	at org.junit.platform.engine.support.hierarchical.NodeTestTask.execute(NodeTestTask.java:95)
	at java.util.ArrayList.forEach(ArrayList.java:1257)
	at org.junit.platform.engine.support.hierarchical.SameThreadHierarchicalTestExecutorService.invokeAll(SameThreadHierarchicalTestExecutorService.java:41)
	at org.junit.platform.engine.support.hierarchical.NodeTestTask.lambda$executeRecursively$6(NodeTestTask.java:155)
	at org.junit.platform.engine.support.hierarchical.ThrowableCollector.execute(ThrowableCollector.java:73)
	at org.junit.platform.engine.support.hierarchical.NodeTestTask.lambda$executeRecursively$8(NodeTestTask.java:141)
	at org.junit.platform.engine.support.hierarchical.Node.around(Node.java:137)
	at org.junit.platform.engine.support.hierarchical.NodeTestTask.lambda$executeRecursively$9(NodeTestTask.java:139)
	at org.junit.platform.engine.support.hierarchical.ThrowableCollector.execute(ThrowableCollector.java:73)
	at org.junit.platform.engine.support.hierarchical.NodeTestTask.executeRecursively(NodeTestTask.java:138)
	at org.junit.platform.engine.support.hierarchical.NodeTestTask.execute(NodeTestTask.java:95)
	at org.junit.platform.engine.support.hierarchical.SameThreadHierarchicalTestExecutorService.submit(SameThreadHierarchicalTestExecutorService.java:35)
	at org.junit.platform.engine.support.hierarchical.HierarchicalTestExecutor.execute(HierarchicalTestExecutor.java:57)
	at org.junit.platform.engine.support.hierarchical.HierarchicalTestEngine.execute(HierarchicalTestEngine.java:54)
	at org.junit.platform.launcher.core.EngineExecutionOrchestrator.execute(EngineExecutionOrchestrator.java:107)
	at org.junit.platform.launcher.core.EngineExecutionOrchestrator.execute(EngineExecutionOrchestrator.java:88)
	at org.junit.platform.launcher.core.EngineExecutionOrchestrator.lambda$execute$0(EngineExecutionOrchestrator.java:54)
	at org.junit.platform.launcher.core.EngineExecutionOrchestrator.withInterceptedStreams(EngineExecutionOrchestrator.java:67)
	at org.junit.platform.launcher.core.EngineExecutionOrchestrator.execute(EngineExecutionOrchestrator.java:52)
	at org.junit.platform.launcher.core.DefaultLauncher.execute(DefaultLauncher.java:114)
	at org.junit.platform.launcher.core.DefaultLauncher.execute(DefaultLauncher.java:86)
	at org.junit.platform.launcher.core.DefaultLauncherSession$DelegatingLauncher.execute(DefaultLauncherSession.java:86)
	at org.junit.platform.launcher.core.SessionPerRequestLauncher.execute(SessionPerRequestLauncher.java:53)
	at org.gradle.api.internal.tasks.testing.junitplatform.JUnitPlatformTestClassProcessor$CollectAllTestClassesExecutor.processAllTestClasses(JUnitPlatformTestClassProcessor.java:99)
	at org.gradle.api.internal.tasks.testing.junitplatform.JUnitPlatformTestClassProcessor$CollectAllTestClassesExecutor.access$000(JUnitPlatformTestClassProcessor.java:79)
	at org.gradle.api.internal.tasks.testing.junitplatform.JUnitPlatformTestClassProcessor.stop(JUnitPlatformTestClassProcessor.java:75)
	at org.gradle.api.internal.tasks.testing.SuiteTestClassProcessor.stop(SuiteTestClassProcessor.java:61)
	at sun.reflect.NativeMethodAccessorImpl.invoke0(Native Method)
	at sun.reflect.NativeMethodAccessorImpl.invoke(NativeMethodAccessorImpl.java:62)
	at sun.reflect.DelegatingMethodAccessorImpl.invoke(DelegatingMethodAccessorImpl.java:43)
	at java.lang.reflect.Method.invoke(Method.java:498)
	at org.gradle.internal.dispatch.ReflectionDispatch.dispatch(ReflectionDispatch.java:36)
	at org.gradle.internal.dispatch.ReflectionDispatch.dispatch(ReflectionDispatch.java:24)
	at org.gradle.internal.dispatch.ContextClassLoaderDispatch.dispatch(ContextClassLoaderDispatch.java:33)
	at org.gradle.internal.dispatch.ProxyDispatchAdapter$DispatchingInvocationHandler.invoke(ProxyDispatchAdapter.java:94)
	at com.sun.proxy.$Proxy2.stop(Unknown Source)
	at org.gradle.api.internal.tasks.testing.worker.TestWorker$3.run(TestWorker.java:193)
	at org.gradle.api.internal.tasks.testing.worker.TestWorker.executeAndMaintainThreadName(TestWorker.java:129)
	at org.gradle.api.internal.tasks.testing.worker.TestWorker.execute(TestWorker.java:100)
	at org.gradle.api.internal.tasks.testing.worker.TestWorker.execute(TestWorker.java:60)
	at org.gradle.process.internal.worker.child.ActionExecutionWorker.execute(ActionExecutionWorker.java:56)
	at org.gradle.process.internal.worker.child.SystemApplicationClassLoaderWorker.call(SystemApplicationClassLoaderWorker.java:133)
	at org.gradle.process.internal.worker.child.SystemApplicationClassLoaderWorker.call(SystemApplicationClassLoaderWorker.java:71)
	at worker.org.gradle.process.internal.worker.GradleWorkerMain.run(GradleWorkerMain.java:69)
	at worker.org.gradle.process.internal.worker.GradleWorkerMain.main(GradleWorkerMain.java:74)
</failure>
  </testcase>
  <system-out><![CDATA[16:24:04.523 [Test worker] DEBUG org.springframework.test.context.BootstrapUtils - Instantiating CacheAwareContextLoaderDelegate from class [org.springframework.test.context.cache.DefaultCacheAwareContextLoaderDelegate]
16:24:04.532 [Test worker] DEBUG org.springframework.test.context.BootstrapUtils - Instantiating BootstrapContext using constructor [public org.springframework.test.context.support.DefaultBootstrapContext(java.lang.Class,org.springframework.test.context.CacheAwareContextLoaderDelegate)]
16:24:04.563 [Test worker] DEBUG org.springframework.test.context.BootstrapUtils - Instantiating TestContextBootstrapper for test class [com.example.air_ticket_booking.controller.account.AccountController_signup] from class [org.springframework.boot.test.context.SpringBootTestContextBootstrapper]
16:24:04.572 [Test worker] INFO org.springframework.boot.test.context.SpringBootTestContextBootstrapper - Neither @ContextConfiguration nor @ContextHierarchy found for test class [com.example.air_ticket_booking.controller.account.AccountController_signup], using SpringBootContextLoader
16:24:04.575 [Test worker] DEBUG org.springframework.test.context.support.AbstractContextLoader - Did not detect default resource location for test class [com.example.air_ticket_booking.controller.account.AccountController_signup]: class path resource [com/example/air_ticket_booking/controller/account/AccountController_signup-context.xml] does not exist
16:24:04.576 [Test worker] DEBUG org.springframework.test.context.support.AbstractContextLoader - Did not detect default resource location for test class [com.example.air_ticket_booking.controller.account.AccountController_signup]: class path resource [com/example/air_ticket_booking/controller/account/AccountController_signupContext.groovy] does not exist
16:24:04.576 [Test worker] INFO org.springframework.test.context.support.AbstractContextLoader - Could not detect default resource locations for test class [com.example.air_ticket_booking.controller.account.AccountController_signup]: no resource found for suffixes {-context.xml, Context.groovy}.
16:24:04.577 [Test worker] INFO org.springframework.test.context.support.AnnotationConfigContextLoaderUtils - Could not detect default configuration classes for test class [com.example.air_ticket_booking.controller.account.AccountController_signup]: AccountController_signup does not declare any static, non-private, non-final, nested classes annotated with @Configuration.
16:24:04.627 [Test worker] DEBUG org.springframework.test.context.support.ActiveProfilesUtils - Could not find an 'annotation declaring class' for annotation type [org.springframework.test.context.ActiveProfiles] and class [com.example.air_ticket_booking.controller.account.AccountController_signup]
16:24:04.689 [Test worker] DEBUG org.springframework.context.annotation.ClassPathScanningCandidateComponentProvider - Identified candidate component class: file [D:\Codegym\module6\AirTicketBooking_Backend\air_ticket_booking\build\classes\java\main\com\example\air_ticket_booking\AirTicketBookingApplication.class]
16:24:04.690 [Test worker] INFO org.springframework.boot.test.context.SpringBootTestContextBootstrapper - Found @SpringBootConfiguration com.example.air_ticket_booking.AirTicketBookingApplication for test class com.example.air_ticket_booking.controller.account.AccountController_signup
16:24:04.773 [Test worker] DEBUG org.springframework.boot.test.context.SpringBootTestContextBootstrapper - @TestExecutionListeners is not present for class [com.example.air_ticket_booking.controller.account.AccountController_signup]: using defaults.
16:24:04.773 [Test worker] INFO org.springframework.boot.test.context.SpringBootTestContextBootstrapper - Loaded default TestExecutionListener class names from location [META-INF/spring.factories]: [org.springframework.security.test.context.support.WithSecurityContextTestExecutionListener, org.springframework.security.test.context.support.ReactorContextTestExecutionListener, org.springframework.boot.test.autoconfigure.restdocs.RestDocsTestExecutionListener, org.springframework.boot.test.autoconfigure.web.client.MockRestServiceServerResetTestExecutionListener, org.springframework.boot.test.autoconfigure.web.servlet.MockMvcPrintOnlyOnFailureTestExecutionListener, org.springframework.boot.test.autoconfigure.web.servlet.WebDriverTestExecutionListener, org.springframework.boot.test.autoconfigure.webservices.client.MockWebServiceServerTestExecutionListener, org.springframework.boot.test.mock.mockito.MockitoTestExecutionListener, org.springframework.boot.test.mock.mockito.ResetMocksTestExecutionListener, org.springframework.test.context.web.ServletTestExecutionListener, org.springframework.test.context.support.DirtiesContextBeforeModesTestExecutionListener, org.springframework.test.context.event.ApplicationEventsTestExecutionListener, org.springframework.test.context.support.DependencyInjectionTestExecutionListener, org.springframework.test.context.support.DirtiesContextTestExecutionListener, org.springframework.test.context.transaction.TransactionalTestExecutionListener, org.springframework.test.context.jdbc.SqlScriptsTestExecutionListener, org.springframework.test.context.event.EventPublishingTestExecutionListener]
16:24:04.801 [Test worker] INFO org.springframework.boot.test.context.SpringBootTestContextBootstrapper - Using TestExecutionListeners: [org.springframework.test.context.web.ServletTestExecutionListener@59b38691, org.springframework.test.context.support.DirtiesContextBeforeModesTestExecutionListener@2e2ff723, org.springframework.test.context.event.ApplicationEventsTestExecutionListener@324a0017, org.springframework.boot.test.mock.mockito.MockitoTestExecutionListener@6187d1f5, org.springframework.boot.test.autoconfigure.SpringBootDependencyInjectionTestExecutionListener@2445445a, org.springframework.test.context.support.DirtiesContextTestExecutionListener@7502291e, org.springframework.test.context.transaction.TransactionalTestExecutionListener@17aad511, org.springframework.test.context.jdbc.SqlScriptsTestExecutionListener@487db668, org.springframework.security.test.context.support.WithSecurityContextTestExecutionListener@46944ca9, org.springframework.test.context.event.EventPublishingTestExecutionListener@22bac7bc, org.springframework.security.test.context.support.ReactorContextTestExecutionListener@63798ca7, org.springframework.boot.test.autoconfigure.restdocs.RestDocsTestExecutionListener@4612b856, org.springframework.boot.test.autoconfigure.web.client.MockRestServiceServerResetTestExecutionListener@22875539, org.springframework.boot.test.autoconfigure.web.servlet.MockMvcPrintOnlyOnFailureTestExecutionListener@5674e1f2, org.springframework.boot.test.autoconfigure.web.servlet.WebDriverTestExecutionListener@79c7532f, org.springframework.boot.test.autoconfigure.webservices.client.MockWebServiceServerTestExecutionListener@2a448449, org.springframework.boot.test.mock.mockito.ResetMocksTestExecutionListener@32f232a5]
16:24:04.806 [Test worker] DEBUG org.springframework.test.context.support.AbstractDirtiesContextTestExecutionListener - Before test class: context [DefaultTestContext@76884e4b testClass = AccountController_signup, testInstance = [null], testMethod = [null], testException = [null], mergedContextConfiguration = [WebMergedContextConfiguration@126945f9 testClass = AccountController_signup, locations = '{}', classes = '{class com.example.air_ticket_booking.AirTicketBookingApplication}', contextInitializerClasses = '[]', activeProfiles = '{}', propertySourceLocations = '{}', propertySourceProperties = '{org.springframework.boot.test.context.SpringBootTestContextBootstrapper=true}', contextCustomizers = set[org.springframework.boot.test.autoconfigure.actuate.metrics.MetricsExportContextCustomizerFactory$DisableMetricExportContextCustomizer@7b4c50bc, org.springframework.boot.test.autoconfigure.properties.PropertyMappingContextCustomizer@4b3fa0b3, org.springframework.boot.test.autoconfigure.web.servlet.WebDriverContextCustomizerFactory$Customizer@1be2019a, [ImportsContextCustomizer@2a898881 key = [org.springframework.boot.test.autoconfigure.web.servlet.MockMvcAutoConfiguration, org.springframework.boot.test.autoconfigure.web.servlet.MockMvcWebClientAutoConfiguration, org.springframework.boot.test.autoconfigure.web.servlet.MockMvcWebDriverAutoConfiguration, org.springframework.boot.autoconfigure.security.oauth2.client.servlet.OAuth2ClientAutoConfiguration, org.springframework.boot.autoconfigure.security.oauth2.resource.servlet.OAuth2ResourceServerAutoConfiguration, org.springframework.boot.autoconfigure.security.servlet.SecurityAutoConfiguration, org.springframework.boot.autoconfigure.security.servlet.SecurityFilterAutoConfiguration, org.springframework.boot.autoconfigure.security.servlet.UserDetailsServiceAutoConfiguration, org.springframework.boot.test.autoconfigure.web.servlet.MockMvcSecurityConfiguration, org.springframework.boot.test.autoconfigure.web.reactive.WebTestClientAutoConfiguration]], org.springframework.boot.test.context.filter.ExcludeFilterContextCustomizer@49c90a9c, org.springframework.boot.test.json.DuplicateJsonObjectContextCustomizerFactory$DuplicateJsonObjectContextCustomizer@f58853c, org.springframework.boot.test.mock.mockito.MockitoContextCustomizer@0, org.springframework.boot.test.web.client.TestRestTemplateContextCustomizer@3bcd05cb, org.springframework.boot.test.context.SpringBootTestArgs@1, org.springframework.boot.test.context.SpringBootTestWebEnvironment@4ddced80], resourceBasePath = 'src/main/webapp', contextLoader = 'org.springframework.boot.test.context.SpringBootContextLoader', parent = [null]], attributes = map['org.springframework.test.context.web.ServletTestExecutionListener.activateListener' -> true]], class annotated with @DirtiesContext [false] with mode [null].

  .   ____          _            __ _ _
 /\\ / ___'_ __ _ _(_)_ __  __ _ \ \ \ \
( ( )\___ | '_ | '_| | '_ \/ _` | \ \ \ \
 \\/  ___)| |_)| | | | | || (_| |  ) ) ) )
  '  |____| .__|_| |_|_| |_\__, | / / / /
 =========|_|==============|___/=/_/_/_/
 :: Spring Boot ::               (v2.7.14)

2023-08-11 16:24:05.130  INFO 7208 --- [    Test worker] c.e.a.c.a.AccountController_signup       : Starting AccountController_signup using Java 1.8.0_251 on Admin-PC with PID 7208 (started by Admin in D:\Codegym\module6\AirTicketBooking_Backend\air_ticket_booking)
2023-08-11 16:24:05.131  INFO 7208 --- [    Test worker] c.e.a.c.a.AccountController_signup       : No active profile set, falling back to 1 default profile: "default"
2023-08-11 16:24:05.962  INFO 7208 --- [    Test worker] .s.d.r.c.RepositoryConfigurationDelegate : Bootstrapping Spring Data JPA repositories in DEFAULT mode.
2023-08-11 16:24:06.101  INFO 7208 --- [    Test worker] .s.d.r.c.RepositoryConfigurationDelegate : Finished Spring Data repository scanning in 129 ms. Found 15 JPA repository interfaces.
2023-08-11 16:24:06.962  INFO 7208 --- [    Test worker] o.hibernate.jpa.internal.util.LogHelper  : HHH000204: Processing PersistenceUnitInfo [name: default]
2023-08-11 16:24:07.051  INFO 7208 --- [    Test worker] org.hibernate.Version                    : HHH000412: Hibernate ORM core version 5.6.15.Final
2023-08-11 16:24:07.243  INFO 7208 --- [    Test worker] o.hibernate.annotations.common.Version   : HCANN000001: Hibernate Commons Annotations {5.1.2.Final}
2023-08-11 16:24:07.367  INFO 7208 --- [    Test worker] com.zaxxer.hikari.HikariDataSource       : HikariPool-1 - Starting...
2023-08-11 16:24:07.372  WARN 7208 --- [    Test worker] com.zaxxer.hikari.util.DriverDataSource  : Registered driver with driverClassName=com.mysql.jdbc.Driver was not found, trying direct instantiation.
2023-08-11 16:24:07.910  INFO 7208 --- [    Test worker] com.zaxxer.hikari.HikariDataSource       : HikariPool-1 - Start completed.
2023-08-11 16:24:07.929  INFO 7208 --- [    Test worker] org.hibernate.dialect.Dialect            : HHH000400: Using dialect: org.hibernate.dialect.MySQL8Dialect
Hibernate: alter table account add constraint FK9pbnm9levk9yjtdx8ihxja8ei foreign key (role_id_role) references role (id_role)
Hibernate: alter table customer add constraint FKsvltrp0v6swwnwwjittqcoxh8 foreign key (account_id_account) references account (id_account)
Hibernate: alter table employee add constraint FKdj1dw61h7w0s2t29f9cank7xi foreign key (account_id_account) references account (id_account)
Hibernate: alter table post add constraint FK18s6ve2mw2p0w3kth5wt2n4hj foreign key (employee_id) references employee (id_employee)
Hibernate: alter table route add constraint FKfaw6n25ueugnmnxs59ok672iy foreign key (id_air_craft) references air_craft (id_air_craft)
Hibernate: alter table route add constraint FKhgycblcw4ojds47bsclvr9ljb foreign key (id_departure) references departure (id_departure)
Hibernate: alter table route add constraint FKbe0l5h5smvbpsojja1fxkquda foreign key (id_destination) references destination (id_destination)
Hibernate: alter table seat add constraint FKk135xd0jppmv62kdyhrrcid8c foreign key (id_route) references route (id_route)
Hibernate: alter table seat add constraint FK28kyfo0ys52noa3gtkolnb7jd foreign key (id_type_seat) references type_seat (id_type_seat)
Hibernate: alter table ticket add constraint FK7wn2vjkvy4gh7wl7041uury09 foreign key (customer_id_customer) references customer (id_customer)
Hibernate: alter table ticket add constraint FKm24drthm088e9cy4g28xdtupp foreign key (luggage_id_luggage) references luggage (id_luggage)
Hibernate: alter table ticket add constraint FK3nwpv090qmb2m985ya575q8ys foreign key (seat_id_seat) references seat (id_seat)
Hibernate: alter table ticket add constraint FKhiku6sb9mklri5018qrs3y2v8 foreign key (type_passenger_id_type_passenger) references type_passenger (id_type_passenger)
Hibernate: alter table ticket add constraint FKsn2xg2u42vebggjqk0cdlr4ph foreign key (type_ticket_id_type_ticket) references type_ticket (id_type_ticket)
2023-08-11 16:24:09.348  INFO 7208 --- [    Test worker] o.h.e.t.j.p.i.JtaPlatformInitiator       : HHH000490: Using JtaPlatform implementation: [org.hibernate.engine.transaction.jta.platform.internal.NoJtaPlatform]
2023-08-11 16:24:09.358  INFO 7208 --- [    Test worker] j.LocalContainerEntityManagerFactoryBean : Initialized JPA EntityManagerFactory for persistence unit 'default'
2023-08-11 16:24:10.116  WARN 7208 --- [    Test worker] JpaBaseConfiguration$JpaWebConfiguration : spring.jpa.open-in-view is enabled by default. Therefore, database queries may be performed during view rendering. Explicitly configure spring.jpa.open-in-view to disable this warning
2023-08-11 16:24:11.823  INFO 7208 --- [    Test worker] o.s.s.web.DefaultSecurityFilterChain     : Will secure any request with [org.springframework.security.web.session.DisableEncodeUrlFilter@2314cd97, org.springframework.security.web.context.request.async.WebAsyncManagerIntegrationFilter@51dbed72, org.springframework.security.web.context.SecurityContextPersistenceFilter@4ec37a42, org.springframework.security.web.header.HeaderWriterFilter@63f2d024, org.springframework.web.filter.CorsFilter@64e89bb2, org.springframework.security.web.authentication.logout.LogoutFilter@134955bb, com.example.air_ticket_booking.config.JwtRequestFilter@286dfa20, org.springframework.security.web.savedrequest.RequestCacheAwareFilter@18ff1520, org.springframework.security.web.servletapi.SecurityContextHolderAwareRequestFilter@237cd264, org.springframework.security.web.authentication.AnonymousAuthenticationFilter@15fe020d, org.springframework.security.web.session.SessionManagementFilter@5d6d424d, org.springframework.security.web.access.ExceptionTranslationFilter@31c5304f, org.springframework.security.web.access.intercept.FilterSecurityInterceptor@bc4a9b0]
2023-08-11 16:24:12.673  INFO 7208 --- [    Test worker] o.s.b.t.m.w.SpringBootMockServletContext : Initializing Spring TestDispatcherServlet ''
2023-08-11 16:24:12.674  INFO 7208 --- [    Test worker] o.s.t.web.servlet.TestDispatcherServlet  : Initializing Servlet ''
2023-08-11 16:24:12.675  INFO 7208 --- [    Test worker] o.s.t.web.servlet.TestDispatcherServlet  : Completed initialization in 1 ms
2023-08-11 16:24:12.714  INFO 7208 --- [    Test worker] c.e.a.c.a.AccountController_signup       : Started AccountController_signup in 7.877 seconds (JVM running for 9.165)
Hibernate: select * from account where username = ?
Hibernate: select * from customer where email_customer = ?
Hibernate: insert into account(username, password, role_id_role) values (?, ?, 3)
Hibernate: select account0_.id_account as id_accou1_0_, account0_.password as password2_0_, account0_.role_id_role as role_id_4_0_, account0_.username as username3_0_ from account account0_ where account0_.username=?
Hibernate: select role0_.id_role as id_role1_8_0_, role0_.name_role as name_rol2_8_0_ from role role0_ where role0_.id_role=?
Hibernate: insert into customer(name_customer,gender_customer, email_customer, date_customer,id_card_customer, address_customer, flag_customer, img_customer, tel_customer,nationality_customer,account_id_account)values (?,?,?,?,?,?,?,?,?,?,?)
Hibernate: select * from account where username = ?
Hibernate: select * from customer where email_customer = ?

MockHttpServletRequest:
      HTTP Method = POST
      Request URI = /api/account/signup
       Parameters = {}
          Headers = [Content-Type:"application/json;charset=UTF-8", Content-Length:"309"]
             Body = {"nameCustomer":"Nhan Nhan Nhan","genderCustomer":false,"emailCustomer":"nhan101@gmail.com","telCustomer":"0123456789","addressCustomer":"?à N?ng","imgCustomer":null,"nationalityCustomer":"Vi?t Nam","idCardCustomer":"120123456789","dateCustomer":"02/02/2010","flagCustomer":false,"password":"12345678A"}
    Session Attrs = {}

Handler:
             Type = com.example.air_ticket_booking.controller.account.AccountController
           Method = com.example.air_ticket_booking.controller.account.AccountController#signUp(AccountDto)

Async:
    Async started = false
     Async result = null

Resolved Exception:
             Type = null

ModelAndView:
        View name = null
             View = null
            Model = null

FlashMap:
       Attributes = null

MockHttpServletResponse:
           Status = 200
    Error message = null
          Headers = [Vary:"Origin", "Access-Control-Request-Method", "Access-Control-Request-Headers", X-Content-Type-Options:"nosniff", X-XSS-Protection:"1; mode=block", Cache-Control:"no-cache, no-store, max-age=0, must-revalidate", Pragma:"no-cache", Expires:"0", X-Frame-Options:"DENY"]
     Content type = null
             Body = 
    Forwarded URL = null
   Redirected URL = null
          Cookies = []

MockHttpServletRequest:
      HTTP Method = POST
      Request URI = /api/account/signup
       Parameters = {}
          Headers = [Content-Type:"application/json;charset=UTF-8", Content-Length:"309"]
             Body = {"nameCustomer":"Nhan Nhan Nhan","genderCustomer":false,"emailCustomer":"nhan101@gmail.com","telCustomer":"0123456789","addressCustomer":"?à N?ng","imgCustomer":null,"nationalityCustomer":"Vi?t Nam","idCardCustomer":"120123456789","dateCustomer":"02/02/2010","flagCustomer":false,"password":"12345678A"}
    Session Attrs = {}

Handler:
             Type = com.example.air_ticket_booking.controller.account.AccountController
           Method = com.example.air_ticket_booking.controller.account.AccountController#signUp(AccountDto)

Async:
    Async started = false
     Async result = null

Resolved Exception:
             Type = null

ModelAndView:
        View name = null
             View = null
            Model = null

FlashMap:
       Attributes = null

MockHttpServletResponse:
           Status = 200
    Error message = null
          Headers = [Vary:"Origin", "Access-Control-Request-Method", "Access-Control-Request-Headers", X-Content-Type-Options:"nosniff", X-XSS-Protection:"1; mode=block", Cache-Control:"no-cache, no-store, max-age=0, must-revalidate", Pragma:"no-cache", Expires:"0", X-Frame-Options:"DENY"]
     Content type = null
             Body = 
    Forwarded URL = null
   Redirected URL = null
          Cookies = []
]]></system-out>
  <system-err><![CDATA[Loading class `com.mysql.jdbc.Driver'. This is deprecated. The new driver class is `com.mysql.cj.jdbc.Driver'. The driver is automatically registered via the SPI and manual loading of the driver class is generally unnecessary.
]]></system-err>
</testsuite>
